<?xml version="1.0" encoding="UTF-8"?>
<beans xmlns="http://www.springframework.org/schema/beans"
	xmlns:xsi="http://www.w3.org/2001/XMLSchema-instance"
	xsi:schemaLocation="http://www.springframework.org/schema/beans http://www.springframework.org/schema/beans/spring-beans-2.5.xsd">


    <!-- (4)viewResolver  prefix(위치)  suffix(이동할 페이지의 확장자를 지정)

        -->
    <bean id="viewResolver"
          class="org.springframework.web.servlet.view.InternalResourceViewResolver">
        <property name="viewClass"
                  value="org.springframework.web.servlet.view.JstlView" />
        <property name="prefix" value="/" />
        <property name="suffix"  value=".jsp" />
    </bean>

    <!-- 2. 요청에 따른 컨트롤러를 누가 맡는지 -->
    <bean id="defaultHandlerMapping" class="org.springframework.web.servlet.handler.BeanNameUrlHandlerMapping"/>

    <!-- 3. 요청 명령어에 해당하는 컨트롤러를 이용 setViewName(이동할 페이지명)
     <bean name="/요청명령어" class="패키지명....처리할 컨트롤러 클래스명 ></bean>
    /index.do -> /list.jsp
    /good/index/do -> list2.jsp   -->
    <bean name="/index.do" class="org.springframework.web.servlet.mvc.ParameterizableViewController">
        <property name="viewName" value="list"></property>
    </bean>

    <!-- 보안으로인해 가상 경로로 지정할 때 -->
    <bean name="/good/index.do" class="org.springframework.web.servlet.mvc.ParameterizableViewController">
        <property name="viewName" value="list2"></property>
    </bean>

    <bean name="/index2.do" class="kim.TestController">
    </bean>
</beans>
